<?xml version="1.0" encoding="UTF-8"?>
<!-- Generated by org.testng.reporters.JUnitReportReporter -->
<testsuite skipped="0" hostname="DESKTOP-ILMNV9M" name="QGkuangjia.OrdersSubmit" tests="2" failures="0" timestamp="14 三月 2018 07:35:41 GMT" time="1.212" errors="0">
  <testcase name="ordersubmit1" time="1.006" classname="QGkuangjia.OrdersSubmit"/>
  <testcase name="ordersubmit2" time="0.206" classname="QGkuangjia.OrdersSubmit"/>
</testsuite> <!-- QGkuangjia.OrdersSubmit -->
