<?xml version="1.0" encoding="UTF-8"?>
<!-- Generated by org.testng.reporters.JUnitReportReporter -->
<testsuite skipped="0" hostname="DESKTOP-ILMNV9M" name="qingguoshop2.Changjing2" tests="4" failures="0" timestamp="13 三月 2018 02:12:19 GMT" time="0.469" errors="0">
  <testcase name="submit" time="0.087" classname="qingguoshop2.Changjing2"/>
  <testcase name="getfee" time="0.125" classname="qingguoshop2.Changjing2"/>
  <testcase name="Loginsuccess" time="0.191" classname="qingguoshop2.Changjing2"/>
  <testcase name="getAddressList" time="0.066" classname="qingguoshop2.Changjing2"/>
</testsuite> <!-- qingguoshop2.Changjing2 -->
