<?xml version="1.0" encoding="UTF-8"?>
<!-- Generated by org.testng.reporters.JUnitReportReporter -->
<testsuite skipped="0" hostname="DESKTOP-ILMNV9M" name="qingguoshop.qgsDataProvider" tests="3" failures="0" timestamp="12 三月 2018 03:14:54 GMT" time="0.295" errors="0">
  <testcase name="testLogin" time="0.065" classname="qingguoshop.qgsDataProvider"/>
  <testcase name="testLogin" time="0.049" classname="qingguoshop.qgsDataProvider"/>
  <testcase name="testLogin" time="0.181" classname="qingguoshop.qgsDataProvider"/>
</testsuite> <!-- qingguoshop.qgsDataProvider -->
