<?xml version="1.0" encoding="UTF-8"?>
<!-- Generated by org.testng.reporters.JUnitReportReporter -->
<testsuite skipped="0" hostname="DESKTOP-ILMNV9M" name="qingguoshop.Changjing2" tests="4" failures="0" timestamp="13 三月 2018 07:44:42 GMT" time="0.506" errors="0">
  <testcase name="getfee" time="0.121" classname="qingguoshop.Changjing2"/>
  <testcase name="Loginsuccess" time="0.213" classname="qingguoshop.Changjing2"/>
  <testcase name="getAddressList" time="0.069" classname="qingguoshop.Changjing2"/>
  <testcase name="submit" time="0.103" classname="qingguoshop.Changjing2"/>
</testsuite> <!-- qingguoshop.Changjing2 -->
