<?xml version="1.0" encoding="UTF-8"?>
<!-- Generated by org.testng.reporters.JUnitReportReporter -->
<testsuite skipped="0" hostname="DESKTOP-ILMNV9M" name="qingguoshop.qingguoshop" tests="3" failures="0" timestamp="12 三月 2018 01:34:07 GMT" time="0.316" errors="0">
  <testcase name="testAddaddress" time="0.061" classname="qingguoshop.qingguoshop"/>
  <testcase name="testLogin" time="0.211" classname="qingguoshop.qingguoshop"/>
  <testcase name="testOrdersubmit" time="0.044" classname="qingguoshop.qingguoshop"/>
</testsuite> <!-- qingguoshop.qingguoshop -->
