<?xml version="1.0" encoding="UTF-8"?>
<!-- Generated by org.testng.reporters.JUnitReportReporter -->
<testsuite skipped="0" hostname="DESKTOP-ILMNV9M" name="QGkuangjia.GetTransportFee" tests="2" failures="0" timestamp="15 三月 2018 08:08:37 GMT" time="0.720" errors="1">
  <testcase name="fee2" time="0.008" classname="QGkuangjia.GetTransportFee">
    <error type="java.lang.IllegalArgumentException" message="Illegal character in query at index 80: http://study-perf.qa.netease.com/common/getTransportFee?addressDetail=浙江省_杭州市_滨江 区&amp;id=0">
      <![CDATA[java.lang.IllegalArgumentException: Illegal character in query at index 80: http://study-perf.qa.netease.com/common/getTransportFee?addressDetail=浙江省_杭州市_滨江 区&id=0
at java.net.URI.create(Unknown Source)
at org.apache.http.client.methods.HttpGet.<init>(HttpGet.java:66)
at com.apitest.core.HttpUtils.get(HttpUtils.java:52)
at QGkuangjia.GetTransportFee.getfee(GetTransportFee.java:19)
at QGkuangjia.GetTransportFee.fee2(GetTransportFee.java:34)
at sun.reflect.NativeMethodAccessorImpl.invoke0(Native Method)
at sun.reflect.NativeMethodAccessorImpl.invoke(Unknown Source)
at sun.reflect.DelegatingMethodAccessorImpl.invoke(Unknown Source)
at java.lang.reflect.Method.invoke(Unknown Source)
at org.testng.internal.MethodInvocationHelper.invokeMethod(MethodInvocationHelper.java:124)
at org.testng.internal.Invoker.invokeMethod(Invoker.java:580)
at org.testng.internal.Invoker.invokeTestMethod(Invoker.java:716)
at org.testng.internal.Invoker.invokeTestMethods(Invoker.java:988)
at org.testng.internal.TestMethodWorker.invokeTestMethods(TestMethodWorker.java:125)
at org.testng.internal.TestMethodWorker.run(TestMethodWorker.java:109)
at org.testng.TestRunner.privateRun(TestRunner.java:648)
at org.testng.TestRunner.run(TestRunner.java:505)
at org.testng.SuiteRunner.runTest(SuiteRunner.java:455)
at org.testng.SuiteRunner.runSequentially(SuiteRunner.java:450)
at org.testng.SuiteRunner.privateRun(SuiteRunner.java:415)
at org.testng.SuiteRunner.run(SuiteRunner.java:364)
at org.testng.SuiteRunnerWorker.runSuite(SuiteRunnerWorker.java:52)
at org.testng.SuiteRunnerWorker.run(SuiteRunnerWorker.java:84)
at org.testng.TestNG.runSuitesSequentially(TestNG.java:1208)
at org.testng.TestNG.runSuitesLocally(TestNG.java:1137)
at org.testng.TestNG.runSuites(TestNG.java:1049)
at org.testng.TestNG.run(TestNG.java:1017)
at org.testng.remote.AbstractRemoteTestNG.run(AbstractRemoteTestNG.java:114)
at org.testng.remote.RemoteTestNG.initAndRun(RemoteTestNG.java:251)
at org.testng.remote.RemoteTestNG.main(RemoteTestNG.java:77)
Caused by: java.net.URISyntaxException: Illegal character in query at index 80: http://study-perf.qa.netease.com/common/getTransportFee?addressDetail=浙江省_杭州市_滨江 区&id=0
at java.net.URI$Parser.fail(Unknown Source)
at java.net.URI$Parser.checkChars(Unknown Source)
at java.net.URI$Parser.parseHierarchical(Unknown Source)
at java.net.URI$Parser.parse(Unknown Source)
at java.net.URI.<init>(Unknown Source)
... 30 more
]]>
    </error>
  </testcase> <!-- fee2 -->
  <testcase name="fee1" time="0.712" classname="QGkuangjia.GetTransportFee"/>
</testsuite> <!-- QGkuangjia.GetTransportFee -->
